[main] INFO  RESTAUTOMATION  - --------getEmployees Of getStatus---------
[main] INFO  RESTAUTOMATION  - --------getEmployees---------
[main] INFO  RESTAUTOMATION  - --------getEmployees Of message---------
[main] INFO  RESTAUTOMATION  - --------getEmployees---------
[main] INFO  RESTAUTOMATION  - --------getEmployees Of getStatus---------
[main] INFO  RESTAUTOMATION  - --------getEmployees---------
[main] INFO  RESTAUTOMATION  - --------getEmployees Of message---------
[main] INFO  RESTAUTOMATION  - --------getEmployees---------
[main] INFO  RESTAUTOMATION  - --------TC002_GetSingleUserOfEmp---------
[main] INFO  RESTAUTOMATION  - --------TC003_EmployeeNotFound---------
[main] INFO  RESTAUTOMATION  - --------TC004_UnknownEmployess---------
[main] INFO  RESTAUTOMATION  - --------TC002_GetSingleUserOfEmp---------
[main] INFO  RESTAUTOMATION  - --------TC003_EmployeeNotFound---------
[main] INFO  RESTAUTOMATION  - --------TC004_UnknownEmployess---------
[main] INFO  RESTAUTOMATION  - --------TC002_GetSingleUserOfEmp---------
[main] INFO  RESTAUTOMATION  - --------TC003_EmployeeNotFound---------
[main] INFO  RESTAUTOMATION  - --------TC004_UnknownEmployess---------
[main] INFO  RESTAUTOMATION  - --------TC002_GetSingleUserOfEmp---------
[main] INFO  RESTAUTOMATION  - --------TC003_EmployeeNotFound---------
[main] INFO  RESTAUTOMATION  - --------TC004_UnknownEmployess---------
